<?xml version="1.0" encoding="UTF-8"?>
<!-- Generated by org.testng.reporters.JUnitReportReporter -->
<testsuite hostname="IN-PF2RVK7E" failures="0" tests="1" name="com.inetbanking.testCases.TC_LoginPage_001" time="10.392" errors="0" timestamp="27 May 2024 10:11:12 GMT" skipped="0">
  <testcase classname="com.inetbanking.testCases.TC_LoginPage_001" name="loginTest" time="10.392"/>
</testsuite> <!-- com.inetbanking.testCases.TC_LoginPage_001 -->
